ERROR 2016/12/11 12:34:05 runtime error: invalid memory address or nil pointer dereference
/home/lukasz/go/src/todolist/app/controllers/todo.go:25 +0x11a
todolist/app/controllers.(*TodoList).Index(0xc42002a9c0, 0x0, 0x0)
	<autogenerated>:112 +0x52
reflect.Value.call(0x8d2180, 0xc42002a9c0, 0x1a13, 0x8df08d, 0x4, 0x0, 0x0, 0x0, 0xc42002a9d8, 0x13, ...)
	/usr/local/go/src/reflect/value.go:434 +0x5c8
reflect.Value.Call(0x8d2180, 0xc42002a9c0, 0x1a13, 0x0, 0x0, 0x0, 0xc42002a9c0, 0x1a13, 0xb32490)
	/usr/local/go/src/reflect/value.go:302 +0xa4
github.com/revel/revel.ActionInvoker(0xc420218e70, 0xc420056898, 0x0, 0x0)
	/home/lukasz/go/src/github.com/revel/revel/invoker.go:42 +0x670
github.com/revel/revel.CompressFilter(0xc420218e70, 0xc420056898, 0x1, 0x1)
	/home/lukasz/go/src/github.com/revel/revel/compress.go:48 +0x90
github.com/revel/revel.InterceptorFilter(0xc420218e70, 0xc420056890, 0x2, 0x2)
	/home/lukasz/go/src/github.com/revel/revel/intercept.go:103 +0xee
todolist/app.glob..func1(0xc420218e70, 0xc420056888, 0x3, 0x3)
	/home/lukasz/go/src/todolist/app/init.go:47 +0x167
github.com/revel/revel.I18nFilter(0xc420218e70, 0xc420056880, 0x4, 0x4)
	/home/lukasz/go/src/github.com/revel/revel/i18n.go:181 +0x28d
github.com/revel/revel.ValidationFilter(0xc420218e70, 0xc420056878, 0x5, 0x5)
	/home/lukasz/go/src/github.com/revel/revel/validation.go:191 +0x166
github.com/revel/revel.FlashFilter(0xc420218e70, 0xc420056870, 0x6, 0x6)
	/home/lukasz/go/src/github.com/revel/revel/flash.go:46 +0x132
github.com/revel/revel.SessionFilter(0xc420218e70, 0xc420056868, 0x7, 0x7)
	/home/lukasz/go/src/github.com/revel/revel/session.go:149 +0x129
github.com/revel/revel.ParamsFilter(0xc420218e70, 0xc420056860, 0x8, 0x8)
	/home/lukasz/go/src/github.com/revel/revel/params.go:133 +0xb2
github.com/revel/revel.FilterConfiguringFilter(0xc420218e70, 0xc420056858, 0x9, 0x9)
	/home/lukasz/go/src/github.com/revel/revel/filterconfig.go:208 +0x128
github.com/revel/revel.RouterFilter(0xc420218e70, 0xc420056850, 0xa, 0xa)
	/home/lukasz/go/src/github.com/revel/revel/router.go:474 +0x2c1
github.com/revel/revel.PanicFilter(0xc420218e70, 0xc420056848, 0xb, 0xb)
	/home/lukasz/go/src/github.com/revel/revel/panic.go:15 +0x94
github.com/revel/revel.handleInternal(0xaf1460, 0xc4202456c0, 0xc4200b7590, 0x0)
	/home/lukasz/go/src/github.com/revel/revel/server.go:55 +0x3ca
github.com/revel/revel.handle(0xaf1460, 0xc4202456c0, 0xc4200b7590)
	/home/lukasz/go/src/github.com/revel/revel/server.go:39 +0x198
net/http.HandlerFunc.ServeHTTP(0x926140, 0xaf1460, 0xc4202456c0, 0xc4200b7590)
	/usr/local/go/src/net/http/server.go:1726 +0x44
net/http.serverHandler.ServeHTTP(0xc420085080, 0xaf1460, 0xc4202456c0, 0xc4200b7590)
	/usr/local/go/src/net/http/server.go:2202 +0x7d
net/http.(*conn).serve(0xc4201f5480, 0xaf1da0, 0xc4202137c0)
	/usr/local/go/src/net/http/server.go:1579 +0x4b7
created by net/http.(*Server).Serve
	/usr/local/go/src/net/http/server.go:2293 +0x44d
ERROR 2016/12/11 12:36:32 runtime error: invalid memory address or nil pointer dereference
/home/lukasz/go/src/todolist/app/controllers/todo.go:25 +0x11a
todolist/app/controllers.(*TodoList).Index(0xc42002a800, 0x0, 0x0)
	<autogenerated>:112 +0x52
reflect.Value.call(0x8d2180, 0xc42002a800, 0x1a13, 0x8df08d, 0x4, 0x0, 0x0, 0x0, 0xc42002a818, 0x13, ...)
	/usr/local/go/src/reflect/value.go:434 +0x5c8
reflect.Value.Call(0x8d2180, 0xc42002a800, 0x1a13, 0x0, 0x0, 0x0, 0xc42002a800, 0x1a13, 0xb32490)
	/usr/local/go/src/reflect/value.go:302 +0xa4
github.com/revel/revel.ActionInvoker(0xc42011fa20, 0xc420056898, 0x0, 0x0)
	/home/lukasz/go/src/github.com/revel/revel/invoker.go:42 +0x670
github.com/revel/revel.CompressFilter(0xc42011fa20, 0xc420056898, 0x1, 0x1)
	/home/lukasz/go/src/github.com/revel/revel/compress.go:48 +0x90
github.com/revel/revel.InterceptorFilter(0xc42011fa20, 0xc420056890, 0x2, 0x2)
	/home/lukasz/go/src/github.com/revel/revel/intercept.go:103 +0xee
todolist/app.glob..func1(0xc42011fa20, 0xc420056888, 0x3, 0x3)
	/home/lukasz/go/src/todolist/app/init.go:47 +0x167
github.com/revel/revel.I18nFilter(0xc42011fa20, 0xc420056880, 0x4, 0x4)
	/home/lukasz/go/src/github.com/revel/revel/i18n.go:181 +0x28d
github.com/revel/revel.ValidationFilter(0xc42011fa20, 0xc420056878, 0x5, 0x5)
	/home/lukasz/go/src/github.com/revel/revel/validation.go:191 +0x166
github.com/revel/revel.FlashFilter(0xc42011fa20, 0xc420056870, 0x6, 0x6)
	/home/lukasz/go/src/github.com/revel/revel/flash.go:46 +0x132
github.com/revel/revel.SessionFilter(0xc42011fa20, 0xc420056868, 0x7, 0x7)
	/home/lukasz/go/src/github.com/revel/revel/session.go:149 +0x129
github.com/revel/revel.ParamsFilter(0xc42011fa20, 0xc420056860, 0x8, 0x8)
	/home/lukasz/go/src/github.com/revel/revel/params.go:133 +0xb2
github.com/revel/revel.FilterConfiguringFilter(0xc42011fa20, 0xc420056858, 0x9, 0x9)
	/home/lukasz/go/src/github.com/revel/revel/filterconfig.go:208 +0x128
github.com/revel/revel.RouterFilter(0xc42011fa20, 0xc420056850, 0xa, 0xa)
	/home/lukasz/go/src/github.com/revel/revel/router.go:474 +0x2c1
github.com/revel/revel.PanicFilter(0xc42011fa20, 0xc420056848, 0xb, 0xb)
	/home/lukasz/go/src/github.com/revel/revel/panic.go:15 +0x94
github.com/revel/revel.handleInternal(0xaf1460, 0xc420209a00, 0xc4200b6690, 0x0)
	/home/lukasz/go/src/github.com/revel/revel/server.go:55 +0x3ca
github.com/revel/revel.handle(0xaf1460, 0xc420209a00, 0xc4200b6690)
	/home/lukasz/go/src/github.com/revel/revel/server.go:39 +0x198
net/http.HandlerFunc.ServeHTTP(0x926140, 0xaf1460, 0xc420209a00, 0xc4200b6690)
	/usr/local/go/src/net/http/server.go:1726 +0x44
net/http.serverHandler.ServeHTTP(0xc420085080, 0xaf1460, 0xc420209a00, 0xc4200b6690)
	/usr/local/go/src/net/http/server.go:2202 +0x7d
net/http.(*conn).serve(0xc4201f9280, 0xaf1da0, 0xc420214b00)
	/usr/local/go/src/net/http/server.go:1579 +0x4b7
created by net/http.(*Server).Serve
	/usr/local/go/src/net/http/server.go:2293 +0x44d
ERROR 2016/12/11 12:36:33 runtime error: invalid memory address or nil pointer dereference
/home/lukasz/go/src/todolist/app/controllers/todo.go:25 +0x11a
todolist/app/controllers.(*TodoList).Index(0xc42002a830, 0x0, 0x0)
	<autogenerated>:112 +0x52
reflect.Value.call(0x8d2180, 0xc42002a830, 0x1a13, 0x8df08d, 0x4, 0x0, 0x0, 0x0, 0xc42002a838, 0x13, ...)
	/usr/local/go/src/reflect/value.go:434 +0x5c8
reflect.Value.Call(0x8d2180, 0xc42002a830, 0x1a13, 0x0, 0x0, 0x0, 0xc42002a830, 0x1a13, 0xb32490)
	/usr/local/go/src/reflect/value.go:302 +0xa4
github.com/revel/revel.ActionInvoker(0xc42011fb80, 0xc420056898, 0x0, 0x0)
	/home/lukasz/go/src/github.com/revel/revel/invoker.go:42 +0x670
github.com/revel/revel.CompressFilter(0xc42011fb80, 0xc420056898, 0x1, 0x1)
	/home/lukasz/go/src/github.com/revel/revel/compress.go:48 +0x90
github.com/revel/revel.InterceptorFilter(0xc42011fb80, 0xc420056890, 0x2, 0x2)
	/home/lukasz/go/src/github.com/revel/revel/intercept.go:103 +0xee
todolist/app.glob..func1(0xc42011fb80, 0xc420056888, 0x3, 0x3)
	/home/lukasz/go/src/todolist/app/init.go:47 +0x167
github.com/revel/revel.I18nFilter(0xc42011fb80, 0xc420056880, 0x4, 0x4)
	/home/lukasz/go/src/github.com/revel/revel/i18n.go:181 +0x28d
github.com/revel/revel.ValidationFilter(0xc42011fb80, 0xc420056878, 0x5, 0x5)
	/home/lukasz/go/src/github.com/revel/revel/validation.go:191 +0x166
github.com/revel/revel.FlashFilter(0xc42011fb80, 0xc420056870, 0x6, 0x6)
	/home/lukasz/go/src/github.com/revel/revel/flash.go:46 +0x132
github.com/revel/revel.SessionFilter(0xc42011fb80, 0xc420056868, 0x7, 0x7)
	/home/lukasz/go/src/github.com/revel/revel/session.go:149 +0x129
github.com/revel/revel.ParamsFilter(0xc42011fb80, 0xc420056860, 0x8, 0x8)
	/home/lukasz/go/src/github.com/revel/revel/params.go:133 +0xb2
github.com/revel/revel.FilterConfiguringFilter(0xc42011fb80, 0xc420056858, 0x9, 0x9)
	/home/lukasz/go/src/github.com/revel/revel/filterconfig.go:208 +0x128
github.com/revel/revel.RouterFilter(0xc42011fb80, 0xc420056850, 0xa, 0xa)
	/home/lukasz/go/src/github.com/revel/revel/router.go:474 +0x2c1
github.com/revel/revel.PanicFilter(0xc42011fb80, 0xc420056848, 0xb, 0xb)
	/home/lukasz/go/src/github.com/revel/revel/panic.go:15 +0x94
github.com/revel/revel.handleInternal(0xaf1460, 0xc420209ba0, 0xc4200b6780, 0x0)
	/home/lukasz/go/src/github.com/revel/revel/server.go:55 +0x3ca
github.com/revel/revel.handle(0xaf1460, 0xc420209ba0, 0xc4200b6780)
	/home/lukasz/go/src/github.com/revel/revel/server.go:39 +0x198
net/http.HandlerFunc.ServeHTTP(0x926140, 0xaf1460, 0xc420209ba0, 0xc4200b6780)
	/usr/local/go/src/net/http/server.go:1726 +0x44
net/http.serverHandler.ServeHTTP(0xc420085080, 0xaf1460, 0xc420209ba0, 0xc4200b6780)
	/usr/local/go/src/net/http/server.go:2202 +0x7d
net/http.(*conn).serve(0xc4201f9280, 0xaf1da0, 0xc420214b00)
	/usr/local/go/src/net/http/server.go:1579 +0x4b7
created by net/http.(*Server).Serve
	/usr/local/go/src/net/http/server.go:2293 +0x44d
ERROR 2016/12/11 12:40:12 runtime error: invalid memory address or nil pointer dereference
/home/lukasz/go/src/todolist/app/controllers/todo.go:25 +0x11a
todolist/app/controllers.(*TodoList).Index(0xc42002a920, 0x0, 0x0)
	<autogenerated>:112 +0x52
reflect.Value.call(0x8d2180, 0xc42002a920, 0x1a13, 0x8df08d, 0x4, 0x0, 0x0, 0x0, 0xc42002a928, 0x13, ...)
	/usr/local/go/src/reflect/value.go:434 +0x5c8
reflect.Value.Call(0x8d2180, 0xc42002a920, 0x1a13, 0x0, 0x0, 0x0, 0xc42002a920, 0x1a13, 0xb32490)
	/usr/local/go/src/reflect/value.go:302 +0xa4
github.com/revel/revel.ActionInvoker(0xc42024a630, 0xc420056898, 0x0, 0x0)
	/home/lukasz/go/src/github.com/revel/revel/invoker.go:42 +0x670
github.com/revel/revel.CompressFilter(0xc42024a630, 0xc420056898, 0x1, 0x1)
	/home/lukasz/go/src/github.com/revel/revel/compress.go:48 +0x90
github.com/revel/revel.InterceptorFilter(0xc42024a630, 0xc420056890, 0x2, 0x2)
	/home/lukasz/go/src/github.com/revel/revel/intercept.go:103 +0xee
todolist/app.glob..func1(0xc42024a630, 0xc420056888, 0x3, 0x3)
	/home/lukasz/go/src/todolist/app/init.go:47 +0x167
github.com/revel/revel.I18nFilter(0xc42024a630, 0xc420056880, 0x4, 0x4)
	/home/lukasz/go/src/github.com/revel/revel/i18n.go:181 +0x28d
github.com/revel/revel.ValidationFilter(0xc42024a630, 0xc420056878, 0x5, 0x5)
	/home/lukasz/go/src/github.com/revel/revel/validation.go:191 +0x166
github.com/revel/revel.FlashFilter(0xc42024a630, 0xc420056870, 0x6, 0x6)
	/home/lukasz/go/src/github.com/revel/revel/flash.go:46 +0x132
github.com/revel/revel.SessionFilter(0xc42024a630, 0xc420056868, 0x7, 0x7)
	/home/lukasz/go/src/github.com/revel/revel/session.go:149 +0x129
github.com/revel/revel.ParamsFilter(0xc42024a630, 0xc420056860, 0x8, 0x8)
	/home/lukasz/go/src/github.com/revel/revel/params.go:133 +0xb2
github.com/revel/revel.FilterConfiguringFilter(0xc42024a630, 0xc420056858, 0x9, 0x9)
	/home/lukasz/go/src/github.com/revel/revel/filterconfig.go:208 +0x128
github.com/revel/revel.RouterFilter(0xc42024a630, 0xc420056850, 0xa, 0xa)
	/home/lukasz/go/src/github.com/revel/revel/router.go:474 +0x2c1
github.com/revel/revel.PanicFilter(0xc42024a630, 0xc420056848, 0xb, 0xb)
	/home/lukasz/go/src/github.com/revel/revel/panic.go:15 +0x94
github.com/revel/revel.handleInternal(0xaf1460, 0xc42024e680, 0xc4200b6ff0, 0x0)
	/home/lukasz/go/src/github.com/revel/revel/server.go:55 +0x3ca
github.com/revel/revel.handle(0xaf1460, 0xc42024e680, 0xc4200b6ff0)
	/home/lukasz/go/src/github.com/revel/revel/server.go:39 +0x198
net/http.HandlerFunc.ServeHTTP(0x926140, 0xaf1460, 0xc42024e680, 0xc4200b6ff0)
	/usr/local/go/src/net/http/server.go:1726 +0x44
net/http.serverHandler.ServeHTTP(0xc420085080, 0xaf1460, 0xc42024e680, 0xc4200b6ff0)
	/usr/local/go/src/net/http/server.go:2202 +0x7d
net/http.(*conn).serve(0xc4201f9880, 0xaf1da0, 0xc420244740)
	/usr/local/go/src/net/http/server.go:1579 +0x4b7
created by net/http.(*Server).Serve
	/usr/local/go/src/net/http/server.go:2293 +0x44d
